# JRE version: OpenJDK Runtime Environment (8.0_292-b10) (build 1.8.0_292-8u292-b10-0ubuntu1~18.04-b10)
# Java VM: OpenJDK 64-Bit Server VM (25.292-b10 mixed mode linux-amd64 compressed oops)
Heap:
 PSYoungGen      total 230912K, used 207439K [0x00000000eab00000, 0x0000000100000000, 0x0000000100000000)
  eden space 230400K, 89% used [0x00000000eab00000,0x00000000f757fbf8,0x00000000f8c00000)
  from space 512K, 15% used [0x00000000fff00000,0x00000000fff14010,0x00000000fff80000)
  to   space 512K, 0% used [0x00000000fff80000,0x00000000fff80000,0x0000000100000000)
 ParOldGen       total 699392K, used 330799K [0x00000000c0000000, 0x00000000eab00000, 0x00000000eab00000)
  object space 699392K, 47% used [0x00000000c0000000,0x00000000d430bc88,0x00000000eab00000)
 Metaspace       used 6041K, capacity 6276K, committed 6400K, reserved 1056768K
  class space    used 619K, capacity 706K, committed 768K, reserved 1048576K
GC Heap History (10 events):
Event: 26107.913 GC heap before
{Heap before GC invocations=991 (full 36):
 PSYoungGen      total 259584K, used 259152K [0x00000000eab00000, 0x0000000100000000, 0x0000000100000000)
  eden space 259072K, 100% used [0x00000000eab00000,0x00000000fa800000,0x00000000fa800000)
  from space 512K, 15% used [0x00000000fff80000,0x00000000fff94010,0x0000000100000000)
  to   space 512K, 0% used [0x00000000fff00000,0x00000000fff00000,0x00000000fff80000)
 ParOldGen       total 699392K, used 330799K [0x00000000c0000000, 0x00000000eab00000, 0x00000000eab00000)
  object space 699392K, 47% used [0x00000000c0000000,0x00000000d430bc88,0x00000000eab00000)
 Metaspace       used 6023K, capacity 6276K, committed 6400K, reserved 1056768K
  class space    used 616K, capacity 706K, committed 768K, reserved 1048576K
Event: 26107.916 GC heap after
Heap after GC invocations=991 (full 36):
 PSYoungGen      total 253440K, used 96K [0x00000000eab00000, 0x0000000100000000, 0x0000000100000000)
  eden space 252928K, 0% used [0x00000000eab00000,0x00000000eab00000,0x00000000fa200000)
  from space 512K, 18% used [0x00000000fff00000,0x00000000fff18000,0x00000000fff80000)
  to   space 512K, 0% used [0x00000000fff80000,0x00000000fff80000,0x0000000100000000)
 ParOldGen       total 699392K, used 330799K [0x00000000c0000000, 0x00000000eab00000, 0x00000000eab00000)
  object space 699392K, 47% used [0x00000000c0000000,0x00000000d430bc88,0x00000000eab00000)
 Metaspace       used 6023K, capacity 6276K, committed 6400K, reserved 1056768K
  class space    used 616K, capacity 706K, committed 768K, reserved 1048576K
}
Event: 26108.695 GC heap before
{Heap before GC invocations=992 (full 36):
 PSYoungGen      total 253440K, used 253024K [0x00000000eab00000, 0x0000000100000000, 0x0000000100000000)
  eden space 252928K, 100% used [0x00000000eab00000,0x00000000fa200000,0x00000000fa200000)
  from space 512K, 18% used [0x00000000fff00000,0x00000000fff18000,0x00000000fff80000)
  to   space 512K, 0% used [0x00000000fff80000,0x00000000fff80000,0x0000000100000000)
 ParOldGen       total 699392K, used 330799K [0x00000000c0000000, 0x00000000eab00000, 0x00000000eab00000)
  object space 699392K, 47% used [0x00000000c0000000,0x00000000d430bc88,0x00000000eab00000)
 Metaspace       used 6023K, capacity 6276K, committed 6400K, reserved 1056768K
  class space    used 616K, capacity 706K, committed 768K, reserved 1048576K
Event: 26108.697 GC heap after
Heap after GC invocations=992 (full 36):
 PSYoungGen      total 247296K, used 80K [0x00000000eab00000, 0x0000000100000000, 0x0000000100000000)
  eden space 246784K, 0% used [0x00000000eab00000,0x00000000eab00000,0x00000000f9c00000)
  from space 512K, 15% used [0x00000000fff80000,0x00000000fff94010,0x0000000100000000)
  to   space 512K, 0% used [0x00000000fff00000,0x00000000fff00000,0x00000000fff80000)
 ParOldGen       total 699392K, used 330799K [0x00000000c0000000, 0x00000000eab00000, 0x00000000eab00000)
  object space 699392K, 47% used [0x00000000c0000000,0x00000000d430bc88,0x00000000eab00000)
 Metaspace       used 6023K, capacity 6276K, committed 6400K, reserved 1056768K
  class space    used 616K, capacity 706K, committed 768K, reserved 1048576K
}
Event: 26109.464 GC heap before
{Heap before GC invocations=993 (full 36):
 PSYoungGen      total 247296K, used 246864K [0x00000000eab00000, 0x0000000100000000, 0x0000000100000000)
  eden space 246784K, 100% used [0x00000000eab00000,0x00000000f9c00000,0x00000000f9c00000)
  from space 512K, 15% used [0x00000000fff80000,0x00000000fff94010,0x0000000100000000)
  to   space 512K, 0% used [0x00000000fff00000,0x00000000fff00000,0x00000000fff80000)
 ParOldGen       total 699392K, used 330799K [0x00000000c0000000, 0x00000000eab00000, 0x00000000eab00000)
  object space 699392K, 47% used [0x00000000c0000000,0x00000000d430bc88,0x00000000eab00000)
 Metaspace       used 6023K, capacity 6276K, committed 6400K, reserved 1056768K
  class space    used 616K, capacity 706K, committed 768K, reserved 1048576K
Event: 26109.467 GC heap after
Heap after GC invocations=993 (full 36):
 PSYoungGen      total 241664K, used 64K [0x00000000eab00000, 0x0000000100000000, 0x0000000100000000)
  eden space 241152K, 0% used [0x00000000eab00000,0x00000000eab00000,0x00000000f9680000)
  from space 512K, 12% used [0x00000000fff00000,0x00000000fff10000,0x00000000fff80000)
  to   space 512K, 0% used [0x00000000fff80000,0x00000000fff80000,0x0000000100000000)
 ParOldGen       total 699392K, used 330799K [0x00000000c0000000, 0x00000000eab00000, 0x00000000eab00000)
  object space 699392K, 47% used [0x00000000c0000000,0x00000000d430bc88,0x00000000eab00000)
 Metaspace       used 6023K, capacity 6276K, committed 6400K, reserved 1056768K
  class space    used 616K, capacity 706K, committed 768K, reserved 1048576K
}
Event: 26110.192 GC heap before
{Heap before GC invocations=994 (full 36):
 PSYoungGen      total 241664K, used 241216K [0x00000000eab00000, 0x0000000100000000, 0x0000000100000000)
  eden space 241152K, 100% used [0x00000000eab00000,0x00000000f9680000,0x00000000f9680000)
  from space 512K, 12% used [0x00000000fff00000,0x00000000fff10000,0x00000000fff80000)
  to   space 512K, 0% used [0x00000000fff80000,0x00000000fff80000,0x0000000100000000)
 ParOldGen       total 699392K, used 330799K [0x00000000c0000000, 0x00000000eab00000, 0x00000000eab00000)
  object space 699392K, 47% used [0x00000000c0000000,0x00000000d430bc88,0x00000000eab00000)
 Metaspace       used 6023K, capacity 6276K, committed 6400K, reserved 1056768K
  class space    used 616K, capacity 706K, committed 768K, reserved 1048576K
Event: 26110.199 GC heap after
Heap after GC invocations=994 (full 36):
 PSYoungGen      total 236032K, used 80K [0x00000000eab00000, 0x0000000100000000, 0x0000000100000000)
  eden space 235520K, 0% used [0x00000000eab00000,0x00000000eab00000,0x00000000f9100000)
  from space 512K, 15% used [0x00000000fff80000,0x00000000fff94010,0x0000000100000000)
  to   space 512K, 0% used [0x00000000fff00000,0x00000000fff00000,0x00000000fff80000)
 ParOldGen       total 699392K, used 330799K [0x00000000c0000000, 0x00000000eab00000, 0x00000000eab00000)
  object space 699392K, 47% used [0x00000000c0000000,0x00000000d430bc88,0x00000000eab00000)
 Metaspace       used 6023K, capacity 6276K, committed 6400K, reserved 1056768K
  class space    used 616K, capacity 706K, committed 768K, reserved 1048576K
}
Event: 26110.967 GC heap before
{Heap before GC invocations=995 (full 36):
 PSYoungGen      total 236032K, used 235600K [0x00000000eab00000, 0x0000000100000000, 0x0000000100000000)
  eden space 235520K, 100% used [0x00000000eab00000,0x00000000f9100000,0x00000000f9100000)
  from space 512K, 15% used [0x00000000fff80000,0x00000000fff94010,0x0000000100000000)
  to   space 512K, 0% used [0x00000000fff00000,0x00000000fff00000,0x00000000fff80000)
 ParOldGen       total 699392K, used 330799K [0x00000000c0000000, 0x00000000eab00000, 0x00000000eab00000)
  object space 699392K, 47% used [0x00000000c0000000,0x00000000d430bc88,0x00000000eab00000)
 Metaspace       used 6023K, capacity 6276K, committed 6400K, reserved 1056768K
  class space    used 616K, capacity 706K, committed 768K, reserved 1048576K
Event: 26110.970 GC heap after
Heap after GC invocations=995 (full 36):
 PSYoungGen      total 230912K, used 80K [0x00000000eab00000, 0x0000000100000000, 0x0000000100000000)
  eden space 230400K, 0% used [0x00000000eab00000,0x00000000eab00000,0x00000000f8c00000)
  from space 512K, 15% used [0x00000000fff00000,0x00000000fff14010,0x00000000fff80000)
  to   space 512K, 0% used [0x00000000fff80000,0x00000000fff80000,0x0000000100000000)
 ParOldGen       total 699392K, used 330799K [0x00000000c0000000, 0x00000000eab00000, 0x00000000eab00000)
  object space 699392K, 47% used [0x00000000c0000000,0x00000000d430bc88,0x00000000eab00000)
 Metaspace       used 6023K, capacity 6276K, committed 6400K, reserved 1056768K
  class space    used 616K, capacity 706K, committed 768K, reserved 1048576K
}

