# JRE version: OpenJDK Runtime Environment (8.0_292-b10) (build 1.8.0_292-8u292-b10-0ubuntu1~18.04-b10)
# Java VM: OpenJDK 64-Bit Server VM (25.292-b10 mixed mode linux-amd64 compressed oops)
Heap:
 PSYoungGen      total 98816K, used 70917K [0x00000000eab00000, 0x0000000100000000, 0x0000000100000000)
  eden space 98304K, 72% used [0x00000000eab00000,0x00000000ef021460,0x00000000f0b00000)
  from space 512K, 25% used [0x00000000fff80000,0x00000000fffa0000,0x0000000100000000)
  to   space 512K, 0% used [0x00000000fff00000,0x00000000fff00000,0x00000000fff80000)
 ParOldGen       total 699392K, used 328422K [0x00000000c0000000, 0x00000000eab00000, 0x00000000eab00000)
  object space 699392K, 46% used [0x00000000c0000000,0x00000000d40b9bb8,0x00000000eab00000)
 Metaspace       used 5795K, capacity 5988K, committed 6144K, reserved 1056768K
  class space    used 593K, capacity 674K, committed 768K, reserved 1048576K
GC Heap History (10 events):
Event: 2044.799 GC heap before
{Heap before GC invocations=9426 (full 44):
 PSYoungGen      total 103936K, used 103520K [0x00000000eab00000, 0x0000000100000000, 0x0000000100000000)
  eden space 103424K, 100% used [0x00000000eab00000,0x00000000f1000000,0x00000000f1000000)
  from space 512K, 18% used [0x00000000fff00000,0x00000000fff18000,0x00000000fff80000)
  to   space 512K, 0% used [0x00000000fff80000,0x00000000fff80000,0x0000000100000000)
 ParOldGen       total 699392K, used 328422K [0x00000000c0000000, 0x00000000eab00000, 0x00000000eab00000)
  object space 699392K, 46% used [0x00000000c0000000,0x00000000d40b9bb8,0x00000000eab00000)
 Metaspace       used 5777K, capacity 5988K, committed 6144K, reserved 1056768K
  class space    used 589K, capacity 674K, committed 768K, reserved 1048576K
Event: 2044.801 GC heap after
Heap after GC invocations=9426 (full 44):
 PSYoungGen      total 102912K, used 80K [0x00000000eab00000, 0x0000000100000000, 0x0000000100000000)
  eden space 102400K, 0% used [0x00000000eab00000,0x00000000eab00000,0x00000000f0f00000)
  from space 512K, 15% used [0x00000000fff80000,0x00000000fff94010,0x0000000100000000)
  to   space 512K, 0% used [0x00000000fff00000,0x00000000fff00000,0x00000000fff80000)
 ParOldGen       total 699392K, used 328422K [0x00000000c0000000, 0x00000000eab00000, 0x00000000eab00000)
  object space 699392K, 46% used [0x00000000c0000000,0x00000000d40b9bb8,0x00000000eab00000)
 Metaspace       used 5777K, capacity 5988K, committed 6144K, reserved 1056768K
  class space    used 589K, capacity 674K, committed 768K, reserved 1048576K
}
Event: 2044.985 GC heap before
{Heap before GC invocations=9427 (full 44):
 PSYoungGen      total 102912K, used 102480K [0x00000000eab00000, 0x0000000100000000, 0x0000000100000000)
  eden space 102400K, 100% used [0x00000000eab00000,0x00000000f0f00000,0x00000000f0f00000)
  from space 512K, 15% used [0x00000000fff80000,0x00000000fff94010,0x0000000100000000)
  to   space 512K, 0% used [0x00000000fff00000,0x00000000fff00000,0x00000000fff80000)
 ParOldGen       total 699392K, used 328422K [0x00000000c0000000, 0x00000000eab00000, 0x00000000eab00000)
  object space 699392K, 46% used [0x00000000c0000000,0x00000000d40b9bb8,0x00000000eab00000)
 Metaspace       used 5777K, capacity 5988K, committed 6144K, reserved 1056768K
  class space    used 589K, capacity 674K, committed 768K, reserved 1048576K
Event: 2044.987 GC heap after
Heap after GC invocations=9427 (full 44):
 PSYoungGen      total 101888K, used 80K [0x00000000eab00000, 0x0000000100000000, 0x0000000100000000)
  eden space 101376K, 0% used [0x00000000eab00000,0x00000000eab00000,0x00000000f0e00000)
  from space 512K, 15% used [0x00000000fff00000,0x00000000fff14010,0x00000000fff80000)
  to   space 512K, 0% used [0x00000000fff80000,0x00000000fff80000,0x0000000100000000)
 ParOldGen       total 699392K, used 328422K [0x00000000c0000000, 0x00000000eab00000, 0x00000000eab00000)
  object space 699392K, 46% used [0x00000000c0000000,0x00000000d40b9bb8,0x00000000eab00000)
 Metaspace       used 5777K, capacity 5988K, committed 6144K, reserved 1056768K
  class space    used 589K, capacity 674K, committed 768K, reserved 1048576K
}
Event: 2045.162 GC heap before
{Heap before GC invocations=9428 (full 44):
 PSYoungGen      total 101888K, used 101456K [0x00000000eab00000, 0x0000000100000000, 0x0000000100000000)
  eden space 101376K, 100% used [0x00000000eab00000,0x00000000f0e00000,0x00000000f0e00000)
  from space 512K, 15% used [0x00000000fff00000,0x00000000fff14010,0x00000000fff80000)
  to   space 512K, 0% used [0x00000000fff80000,0x00000000fff80000,0x0000000100000000)
 ParOldGen       total 699392K, used 328422K [0x00000000c0000000, 0x00000000eab00000, 0x00000000eab00000)
  object space 699392K, 46% used [0x00000000c0000000,0x00000000d40b9bb8,0x00000000eab00000)
 Metaspace       used 5777K, capacity 5988K, committed 6144K, reserved 1056768K
  class space    used 589K, capacity 674K, committed 768K, reserved 1048576K
Event: 2045.163 GC heap after
Heap after GC invocations=9428 (full 44):
 PSYoungGen      total 100864K, used 96K [0x00000000eab00000, 0x0000000100000000, 0x0000000100000000)
  eden space 100352K, 0% used [0x00000000eab00000,0x00000000eab00000,0x00000000f0d00000)
  from space 512K, 18% used [0x00000000fff80000,0x00000000fff98000,0x0000000100000000)
  to   space 512K, 0% used [0x00000000fff00000,0x00000000fff00000,0x00000000fff80000)
 ParOldGen       total 699392K, used 328422K [0x00000000c0000000, 0x00000000eab00000, 0x00000000eab00000)
  object space 699392K, 46% used [0x00000000c0000000,0x00000000d40b9bb8,0x00000000eab00000)
 Metaspace       used 5777K, capacity 5988K, committed 6144K, reserved 1056768K
  class space    used 589K, capacity 674K, committed 768K, reserved 1048576K
}
Event: 2045.342 GC heap before
{Heap before GC invocations=9429 (full 44):
 PSYoungGen      total 100864K, used 100448K [0x00000000eab00000, 0x0000000100000000, 0x0000000100000000)
  eden space 100352K, 100% used [0x00000000eab00000,0x00000000f0d00000,0x00000000f0d00000)
  from space 512K, 18% used [0x00000000fff80000,0x00000000fff98000,0x0000000100000000)
  to   space 512K, 0% used [0x00000000fff00000,0x00000000fff00000,0x00000000fff80000)
 ParOldGen       total 699392K, used 328422K [0x00000000c0000000, 0x00000000eab00000, 0x00000000eab00000)
  object space 699392K, 46% used [0x00000000c0000000,0x00000000d40b9bb8,0x00000000eab00000)
 Metaspace       used 5777K, capacity 5988K, committed 6144K, reserved 1056768K
  class space    used 589K, capacity 674K, committed 768K, reserved 1048576K
Event: 2045.343 GC heap after
Heap after GC invocations=9429 (full 44):
 PSYoungGen      total 99840K, used 192K [0x00000000eab00000, 0x0000000100000000, 0x0000000100000000)
  eden space 99328K, 0% used [0x00000000eab00000,0x00000000eab00000,0x00000000f0c00000)
  from space 512K, 37% used [0x00000000fff00000,0x00000000fff30000,0x00000000fff80000)
  to   space 512K, 0% used [0x00000000fff80000,0x00000000fff80000,0x0000000100000000)
 ParOldGen       total 699392K, used 328422K [0x00000000c0000000, 0x00000000eab00000, 0x00000000eab00000)
  object space 699392K, 46% used [0x00000000c0000000,0x00000000d40b9bb8,0x00000000eab00000)
 Metaspace       used 5777K, capacity 5988K, committed 6144K, reserved 1056768K
  class space    used 589K, capacity 674K, committed 768K, reserved 1048576K
}
Event: 2045.522 GC heap before
{Heap before GC invocations=9430 (full 44):
 PSYoungGen      total 99840K, used 99520K [0x00000000eab00000, 0x0000000100000000, 0x0000000100000000)
  eden space 99328K, 100% used [0x00000000eab00000,0x00000000f0c00000,0x00000000f0c00000)
  from space 512K, 37% used [0x00000000fff00000,0x00000000fff30000,0x00000000fff80000)
  to   space 512K, 0% used [0x00000000fff80000,0x00000000fff80000,0x0000000100000000)
 ParOldGen       total 699392K, used 328422K [0x00000000c0000000, 0x00000000eab00000, 0x00000000eab00000)
  object space 699392K, 46% used [0x00000000c0000000,0x00000000d40b9bb8,0x00000000eab00000)
 Metaspace       used 5777K, capacity 5988K, committed 6144K, reserved 1056768K
  class space    used 589K, capacity 674K, committed 768K, reserved 1048576K
Event: 2045.523 GC heap after
Heap after GC invocations=9430 (full 44):
 PSYoungGen      total 98816K, used 128K [0x00000000eab00000, 0x0000000100000000, 0x0000000100000000)
  eden space 98304K, 0% used [0x00000000eab00000,0x00000000eab00000,0x00000000f0b00000)
  from space 512K, 25% used [0x00000000fff80000,0x00000000fffa0000,0x0000000100000000)
  to   space 512K, 0% used [0x00000000fff00000,0x00000000fff00000,0x00000000fff80000)
 ParOldGen       total 699392K, used 328422K [0x00000000c0000000, 0x00000000eab00000, 0x00000000eab00000)
  object space 699392K, 46% used [0x00000000c0000000,0x00000000d40b9bb8,0x00000000eab00000)
 Metaspace       used 5777K, capacity 5988K, committed 6144K, reserved 1056768K
  class space    used 589K, capacity 674K, committed 768K, reserved 1048576K
}

